Arguments: 
  /usr/local/bin/node /usr/local/bin/yarn start

PATH: 
  /opt/local/bin:/opt/local/sbin:/Library/Frameworks/Python.framework/Versions/3.5/bin:/Users/mithileshtarkar/.rbenv/shims:/usr/local/php5/bin:/usr/local/bin:/usr/bin:/bin:/usr/sbin:/sbin:/Applications/VMware Fusion.app/Contents/Public:/usr/local/share/dotnet:/Library/Frameworks/Mono.framework/Versions/Current/Commands:/opt/local/bin:/opt/local/sbin:/Library/Frameworks/Python.framework/Versions/3.5/bin:/Users/mithileshtarkar/.rbenv/shims:/usr/local/php5/bin:/Users/mithileshtarkar/Library/Android/sdk//tools:/Users/mithileshtarkar/Library/Android/sdk//platform-tools:/Users/mithileshtarkar/Library/Android/sdk//tools:/Users/mithileshtarkar/Library/Android/sdk//platform-tools

Yarn version: 
  1.5.1

Node version: 
  8.9.3

Platform: 
  darwin x64

npm manifest: 
  No manifest

yarn manifest: 
  No manifest

Lockfile: 
  No lockfile

Trace: 
  Error: Couldn't find a package.json file in "/Users/Projects/MERN Projects/prework"
      at new MessageError (/usr/local/lib/node_modules/yarn/lib/cli.js:186:110)
      at /usr/local/lib/node_modules/yarn/lib/cli.js:40048:15
      at Generator.next (<anonymous>)
      at step (/usr/local/lib/node_modules/yarn/lib/cli.js:98:30)
      at /usr/local/lib/node_modules/yarn/lib/cli.js:109:13
      at <anonymous>
